mode: set
github.com/baderkha/easy-gin/v1/easygin/response.go:12.47,15.2 2 1
github.com/baderkha/easy-gin/v1/easygin/response.go:18.30,22.2 1 1
github.com/baderkha/easy-gin/v1/easygin/gin.go:39.40,41.2 1 1
github.com/baderkha/easy-gin/v1/easygin/gin.go:43.65,44.30 1 1
github.com/baderkha/easy-gin/v1/easygin/gin.go:49.2,49.16 1 1
github.com/baderkha/easy-gin/v1/easygin/gin.go:44.30,45.39 1 1
github.com/baderkha/easy-gin/v1/easygin/gin.go:45.39,47.4 1 1
github.com/baderkha/easy-gin/v1/easygin/gin.go:52.60,53.30 1 1
github.com/baderkha/easy-gin/v1/easygin/gin.go:58.2,58.15 1 1
github.com/baderkha/easy-gin/v1/easygin/gin.go:53.30,54.40 1 1
github.com/baderkha/easy-gin/v1/easygin/gin.go:54.40,56.4 1 1
github.com/baderkha/easy-gin/v1/easygin/gin.go:62.93,63.32 1 1
github.com/baderkha/easy-gin/v1/easygin/gin.go:63.32,72.89 2 1
github.com/baderkha/easy-gin/v1/easygin/gin.go:80.3,80.55 1 1
github.com/baderkha/easy-gin/v1/easygin/gin.go:88.3,88.53 1 1
github.com/baderkha/easy-gin/v1/easygin/gin.go:96.3,96.42 1 1
github.com/baderkha/easy-gin/v1/easygin/gin.go:108.3,109.17 2 1
github.com/baderkha/easy-gin/v1/easygin/gin.go:113.3,114.17 2 1
github.com/baderkha/easy-gin/v1/easygin/gin.go:118.3,119.24 2 1
github.com/baderkha/easy-gin/v1/easygin/gin.go:122.3,122.35 1 1
github.com/baderkha/easy-gin/v1/easygin/gin.go:72.89,74.18 2 1
github.com/baderkha/easy-gin/v1/easygin/gin.go:74.18,77.5 2 1
github.com/baderkha/easy-gin/v1/easygin/gin.go:80.55,82.18 2 1
github.com/baderkha/easy-gin/v1/easygin/gin.go:82.18,85.5 2 0
github.com/baderkha/easy-gin/v1/easygin/gin.go:88.53,90.18 2 1
github.com/baderkha/easy-gin/v1/easygin/gin.go:90.18,93.5 2 0
github.com/baderkha/easy-gin/v1/easygin/gin.go:96.42,98.15 2 1
github.com/baderkha/easy-gin/v1/easygin/gin.go:101.4,102.18 2 1
github.com/baderkha/easy-gin/v1/easygin/gin.go:98.15,100.5 1 0
github.com/baderkha/easy-gin/v1/easygin/gin.go:102.18,105.5 2 0
github.com/baderkha/easy-gin/v1/easygin/gin.go:109.17,112.4 2 1
github.com/baderkha/easy-gin/v1/easygin/gin.go:114.17,117.4 2 0
github.com/baderkha/easy-gin/v1/easygin/gin.go:119.24,121.4 1 0
github.com/baderkha/easy-gin/v1/easygin/helper.go:4.63,5.29 1 1
github.com/baderkha/easy-gin/v1/easygin/helper.go:10.2,10.14 1 1
github.com/baderkha/easy-gin/v1/easygin/helper.go:5.29,6.18 1 1
github.com/baderkha/easy-gin/v1/easygin/helper.go:6.18,8.4 1 1
